GET /books 29-06-2022_06:56:01
GET /products 29-06-2022_06:56:16
GET /books 2023-03-09_08:25:55
GET /books 2023-03-09_08:26:18
GET /books 2023-03-09_08:46:50
GET /books 2023-03-09_08:47:02
GET /books 2023-03-09_08:52:43
GET /books 2023-03-09_09:10:34
GET /books 2023-03-09_09:10:46
GET /books 2023-03-09_09:13:11
GET /books/ck89qe3HriUDHe09TBoJ8 2023-03-09_09:14:11
GET /books/ck89qe3HriUDHe09TBoJ8 2023-03-09_09:14:50
GET /books/ck89qe3HriUDHe09TBoJ8 2023-03-09_09:15:46
POST /books 2023-03-09_09:17:29
POST /books 2023-03-09_09:17:57
POST /books 2023-03-09_09:19:26
POST /books 2023-03-09_09:19:43
POST /books 2023-03-09_09:19:49
POST /books 2023-03-09_09:20:19
POST /books 2023-03-09_09:21:01
POST /books 2023-03-09_09:21:47
POST /books 2023-03-09_09:22:04
POST /books 2023-03-09_09:22:15
POST /books 2023-03-09_09:22:45
POST /books 2023-03-09_09:22:58
POST /books 2023-03-09_09:23:50
POST /books 2023-03-09_09:24:54
PATCH /books/640a32862979c5e43ae83b5b 2023-03-09_09:26:14
PATCH /books/640a32862979c5e43ae83b5b 2023-03-09_09:26:34
PATCH /books/640a32862979c5e43ae83b5b 2023-03-09_09:26:45
PATCH /books/640a32862979c5e43ae83b5b 2023-03-09_09:27:09
PATCH /books/640a32862979c5e43ae83b5b 2023-03-09_09:27:25
PATCH /books/640a32862979c5e43ae83b5b 2023-03-09_09:28:15
PATCH /books/640a32862979c5e43ae83b5b 2023-03-09_09:29:05
DELETE /books/640a32862979c5e43ae83b5b 2023-03-09_09:29:53
DELETE /books/640a32862979c5e43ae83b5b 2023-03-09_09:29:57
DELETE /books/u9kgwNWGi3uUUwh0b8V49 2023-03-09_09:31:01
DELETE /books/ck89qe3HriUDHe09TBoJ8 2023-03-09_09:31:52
DELETE /books/640a30c9af7f52e12829199d 2023-03-09_09:32:53
DELETE /books/640a30c9af7f52e12829199d 2023-03-09_09:33:11
DELETE /books/640a314f8b36bee213027c7d 2023-03-09_09:33:21
